[00:56:00] [info] Velt: Core Log Initialized!
[00:56:00] [info] APP: Client Log Initialized!
[00:56:00] [info] Velt: Creating WindowsWindow Velt Engine (1920 1080)
[00:56:00] [error] Velt: Logical Window Size: 1920, 1080
[00:56:00] [error] Velt: Pixel Window Size: 1920, 1080
[00:56:00] [trace] Velt: Initializing Vulkan Context
[00:56:00] [trace] Velt: Create Surface
[00:56:00] [trace] Velt: Creating VulkanDevice...
[00:56:00] [info] Velt: Device count: 1
[00:56:00] [info] Velt: Physical Device: NVIDIA GeForce RTX 3080
[00:56:00] [trace] Velt: Init Vulkan Resource Uploader
[00:56:00] [trace] Velt: Swapchain Created
[00:56:00] [error] Velt: Swapchain Creation Info Extend: 1920, 1080
[00:56:00] [info] Velt: Present mode: V-Sync
[00:56:00] [error] Velt: Chosen Swapchain Extend: 1920, 1080
[00:56:00] [error] Velt: Swapchain Size: 1920, 1080
[00:56:00] [error] Velt: Swapchain Extend: 1920, 1080
[00:56:00] [trace] Velt: Init Static Renderer
[00:56:00] [trace] Velt: Upload Vertexbuffer to GPU
[00:56:00] [trace] Velt: Upload Indexbuffer to GPU
[00:56:00] [trace] Velt: Init SceneRenderer
[00:56:00] [error] Velt: Failed to open file: Assets/Shader/basic_vertex_shader.hlsl.spv
